[INFO ] 2024-11-03 11:03:37.446 [main] Steps - ******* Launchin browser *************
[INFO ] 2024-11-03 11:03:37.740 [main] Steps - ******* Launchin URL *************
[INFO ] 2024-11-03 11:03:41.205 [main] Steps - **** click on registration link *****
[INFO ] 2024-11-03 11:04:45.735 [main] Steps - ******* Launchin browser *************
[INFO ] 2024-11-03 11:04:46.010 [main] Steps - ******* Launchin URL *************
[INFO ] 2024-11-03 11:04:49.399 [main] Steps - **** click on registration link *****
[INFO ] 2024-11-03 11:06:14.802 [main] Steps - ******* Launchin browser *************
[INFO ] 2024-11-03 11:06:15.161 [main] Steps - ******* Launchin URL *************
[INFO ] 2024-11-03 11:06:19.484 [main] Steps - **** click on registration link *****
[INFO ] 2024-11-03 11:06:22.195 [main] Steps - **** Verify Registration page *****
[INFO ] 2024-11-03 11:06:22.324 [main] Steps - **** Enter Registration Information *****
[INFO ] 2024-11-03 11:06:25.297 [main] Steps - **** Click on Register *****
[INFO ] 2024-11-03 11:06:25.398 [main] Steps - **** Registration confirmation *****
[INFO ] 2024-11-03 11:06:25.521 [main] Steps - **** Open New account link *****
[INFO ] 2024-11-03 11:06:26.087 [main] Steps - **** Selecting type of savings *****
[INFO ] 2024-11-03 11:06:26.536 [main] Steps - ** confirm open new account by click OPEN NEW ACCOUNT btn **
[INFO ] 2024-11-03 11:06:26.682 [main] Steps - **** Validate new account *****
[INFO ] 2024-11-03 11:06:27.400 [main] Steps - **** click logout *****
[INFO ] 2024-11-03 11:06:28.298 [main] Steps - **** Verify Login *****
[INFO ] 2024-11-03 11:06:28.374 [main] Steps - **** close browser *****
[INFO ] 2024-11-03 11:12:27.972 [main] Steps - ******* Launchin URL *************
[INFO ] 2024-11-03 11:12:31.341 [main] Steps - **** click on registration link *****
[INFO ] 2024-11-03 11:12:32.245 [main] Steps - **** Verify Registration page *****
[INFO ] 2024-11-03 11:12:32.360 [main] Steps - **** Enter Registration Information *****
[INFO ] 2024-11-03 11:12:36.072 [main] Steps - **** Click on Register *****
[INFO ] 2024-11-03 11:12:36.147 [main] Steps - **** Registration confirmation *****
[INFO ] 2024-11-03 11:12:36.241 [main] Steps - **** Open New account link *****
[INFO ] 2024-11-03 11:12:36.880 [main] Steps - **** Selecting type of savings *****
[INFO ] 2024-11-03 11:12:37.291 [main] Steps - ** confirm open new account by click OPEN NEW ACCOUNT btn **
[INFO ] 2024-11-03 11:12:37.477 [main] Steps - **** Validate new account *****
[INFO ] 2024-11-03 11:12:38.206 [main] Steps - **** click logout *****
[INFO ] 2024-11-03 11:12:39.117 [main] Steps - **** Velidate login/register/home page *****
[INFO ] 2024-11-03 11:12:39.168 [main] Steps - **** close browser *****
[INFO ] 2024-11-03 11:26:57.725 [main] Steps - ========================= Launchin browser ===============================
[INFO ] 2024-11-03 11:26:58.054 [main] Steps - ******* Launchin URL *************
[INFO ] 2024-11-03 11:27:01.569 [main] Steps - **** click on registration link *****
[INFO ] 2024-11-03 11:27:02.501 [main] Steps - **** Verify Registration page *****
[INFO ] 2024-11-03 11:27:02.612 [main] Steps - **** Enter Registration Information *****
[INFO ] 2024-11-03 11:27:05.509 [main] Steps - **** Click on Register *****
[INFO ] 2024-11-03 11:27:05.615 [main] Steps - **** Registration confirmation *****
[INFO ] 2024-11-03 11:27:05.715 [main] Steps - **** click logout *****
[INFO ] 2024-11-03 11:27:06.652 [main] Steps - **** Velidate login/register/home page *****
[INFO ] 2024-11-03 11:27:06.725 [main] Steps - ========================= close browser ============================
[INFO ] 2024-11-03 11:28:12.585 [main] Steps - ========================= Launchin browser ===============================
[INFO ] 2024-11-03 11:28:12.975 [main] Steps - ******* Launchin URL *************
[INFO ] 2024-11-03 11:28:16.449 [main] Steps - **** Enter User Name and Password ******
[INFO ] 2024-11-03 11:28:17.083 [main] Steps - **** Click Login Botton ****
[INFO ] 2024-11-03 11:28:18.528 [main] Steps - **** Velidate login/register/home page *****
[INFO ] 2024-11-03 11:28:18.599 [main] Steps - **** click logout *****
[INFO ] 2024-11-03 11:28:19.666 [main] Steps - **** Velidate login/register/home page *****
[INFO ] 2024-11-03 11:28:19.736 [main] Steps - ========================= close browser ============================
[INFO ] 2024-11-03 11:28:22.258 [main] Steps - ========================= Launchin browser ===============================
[INFO ] 2024-11-03 11:28:22.416 [main] Steps - ******* Launchin URL *************
[INFO ] 2024-11-03 11:28:26.882 [main] Steps - **** click on registration link *****
[INFO ] 2024-11-03 11:28:29.549 [main] Steps - **** Verify Registration page *****
[INFO ] 2024-11-03 11:28:29.661 [main] Steps - **** Enter Registration Information *****
[INFO ] 2024-11-03 11:28:33.173 [main] Steps - **** Click on Register *****
[INFO ] 2024-11-03 11:28:33.256 [main] Steps - **** Registration confirmation *****
[INFO ] 2024-11-03 11:28:33.356 [main] Steps - **** click logout *****
[INFO ] 2024-11-03 11:28:34.308 [main] Steps - **** Velidate login/register/home page *****
[INFO ] 2024-11-03 11:28:34.385 [main] Steps - ========================= close browser ============================
[INFO ] 2024-11-03 11:47:37.483 [main] Steps - ========================= Launchin browser ===============================
[INFO ] 2024-11-03 11:47:37.868 [main] Steps - ******* Launchin URL *************
[INFO ] 2024-11-03 11:47:38.915 [main] Steps - **** Enter User Name and Password ******
[INFO ] 2024-11-03 11:47:42.962 [main] Steps - **** Click Login Botton ****
[INFO ] 2024-11-03 11:47:44.829 [main] Steps - **** Velidate login/register/home page *****
[INFO ] 2024-11-03 11:47:48.293 [main] Steps - ========================= Launchin browser ===============================
[INFO ] 2024-11-03 11:47:48.424 [main] Steps - ******* Launchin URL *************
[INFO ] 2024-11-03 11:47:52.022 [main] Steps - **** click on registration link *****
[INFO ] 2024-11-03 11:47:52.995 [main] Steps - **** Verify Registration page *****
[INFO ] 2024-11-03 11:47:53.138 [main] Steps - **** Enter Registration Information *****
[INFO ] 2024-11-03 11:47:56.620 [main] Steps - **** Click on Register *****
[INFO ] 2024-11-03 11:47:56.720 [main] Steps - **** Registration confirmation *****
[INFO ] 2024-11-03 11:47:56.820 [main] Steps - **** click logout *****
[INFO ] 2024-11-03 11:47:58.323 [main] Steps - **** Velidate login/register/home page *****
[INFO ] 2024-11-03 11:47:58.404 [main] Steps - ========================= close browser ============================
[INFO ] 2024-11-03 12:58:34.897 [main] Steps - ========================= Launchin browser ===============================
[INFO ] 2024-11-03 12:58:35.472 [main] Steps - ******* Launchin URL *************
[INFO ] 2024-11-03 12:58:40.227 [main] Steps - **** Enter User Name and Password ******
[INFO ] 2024-11-03 12:58:41.031 [main] Steps - **** Click Login Botton ****
[INFO ] 2024-11-03 12:58:43.495 [main] Steps - **** Velidate login/register/home page *****
[INFO ] 2024-11-03 12:58:47.257 [main] Steps - ========================= Launchin browser ===============================
[INFO ] 2024-11-03 12:58:47.590 [main] Steps - ******* Launchin URL *************
[INFO ] 2024-11-03 12:58:52.298 [main] Steps - **** click on registration link *****
[INFO ] 2024-11-03 12:58:55.197 [main] Steps - **** Verify Registration page *****
[INFO ] 2024-11-03 12:58:55.345 [main] Steps - **** Enter Registration Information *****
[INFO ] 2024-11-03 12:59:00.097 [main] Steps - **** Click on Register *****
[INFO ] 2024-11-03 12:59:00.148 [main] Steps - **** Registration confirmation *****
[INFO ] 2024-11-03 12:59:00.247 [main] Steps - **** click logout *****
[INFO ] 2024-11-03 12:59:01.238 [main] Steps - **** Velidate login/register/home page *****
[INFO ] 2024-11-03 12:59:01.310 [main] Steps - ========================= close browser ============================
